<?xml version="1.0" encoding="UTF-8"?>
<!-- Generated by org.testng.reporters.JUnitReportReporter -->
<testsuite skipped="0" hostname="LAPTOP-F6TLEKKO" name="testFiles.FirstTest" tests="1" failures="0" timestamp="24 Jul 2019 03:06:31 GMT" time="0.016" errors="0">
  <testcase name="simpleTest" time="0.016" classname="testFiles.FirstTest"/>
</testsuite> <!-- testFiles.FirstTest -->
